[2017-01-31 12:11:11] START
[2017-01-31 12:12:09] EDIT QuickMeet/controllers/default.py: 0
[2017-01-31 12:15:11] EDIT QuickMeet/views/default/index.html: -15
[2017-01-31 15:45:25] EDIT QuickMeet/views/default/index.html: 1
[2017-01-31 15:46:26] EDIT QuickMeet/models/menu.py: 0
[2017-01-31 15:46:39] EDIT QuickMeet/models/menu.py: 0
[2017-01-31 15:46:40] EDIT QuickMeet/models/menu.py: 0
[2017-01-31 15:46:40] EDIT QuickMeet/models/menu.py: 0
[2017-01-31 15:46:41] EDIT QuickMeet/models/menu.py: 0
[2017-01-31 15:46:41] EDIT QuickMeet/models/menu.py: 0
[2017-01-31 15:47:05] EDIT QuickMeet/models/menu.py: 0
[2017-01-31 15:47:43] EDIT QuickMeet/models/menu.py: 0
[2017-01-31 15:48:44] EDIT QuickMeet/models/menu.py: 0
[2017-01-31 21:57:48] EDIT QuickMeet/controllers/default.py: 1
[2017-01-31 22:01:09] EDIT QuickMeet/controllers/default.py: 1
[2017-01-31 22:01:51] EDIT QuickMeet/controllers/default.py: 0
[2017-01-31 22:06:47] EDIT QuickMeet/controllers/default.py: 0
[2017-01-31 22:09:39] DELETE QuickMeet/views/default/README.md: -5
[2017-01-31 22:13:23] EDIT QuickMeet/controllers/default.py: 1
[2017-01-31 22:15:00] EDIT QuickMeet/controllers/default.py: 1
[2017-01-31 22:16:59] EDIT QuickMeet/controllers/default.py: 1
[2017-01-31 22:17:14] EDIT QuickMeet/controllers/default.py: 0
[2017-01-31 22:19:24] EDIT QuickMeet/views/default/index.html: 46
[2017-01-31 22:19:53] EDIT QuickMeet/views/default/index.html: 51
[2017-01-31 22:20:16] EDIT QuickMeet/views/default/index.html: 0
[2017-01-31 22:21:14] EDIT QuickMeet/views/default/index.html: -97
[2017-01-31 22:21:30] EDIT QuickMeet/views/default/index.html: 0
[2017-01-31 22:24:00] EDIT QuickMeet/views/default/index.html: 0
[2017-01-31 22:27:38] EDIT QuickMeet/views/default/index.html: 3
[2017-01-31 22:29:25] EDIT QuickMeet/views/default/index.html: 0
[2017-01-31 22:30:53] EDIT QuickMeet/views/default/index.html: 0
[2017-01-31 22:31:16] EDIT QuickMeet/views/default/index.html: -3
[2017-01-31 22:32:07] EDIT QuickMeet/views/default/index.html: -7
[2017-01-31 22:35:27] EDIT QuickMeet/controllers/default.py: -3
[2017-01-31 22:35:33] EDIT QuickMeet/controllers/default.py: 0
[2017-01-31 22:35:36] EDIT QuickMeet/views/default/index.html: 0
[2017-01-31 22:36:03] EDIT QuickMeet/views/default/index.html: 1
[2017-01-31 22:36:17] EDIT QuickMeet/views/default/index.html: -1
[2017-01-31 22:37:15] EDIT QuickMeet/views/layout.html: 0
[2017-01-31 22:37:35] EDIT QuickMeet/views/default/index.html: -1
[2017-01-31 22:38:02] EDIT QuickMeet/views/default/index.html: 0
[2017-01-31 22:38:29] EDIT QuickMeet/views/default/index.html: 1
[2017-01-31 22:39:41] EDIT QuickMeet/views/default/index.html: -1
[2017-01-31 22:40:11] EDIT QuickMeet/views/default/index.html: -9
[2017-01-31 22:41:12] EDIT QuickMeet/views/default/index.html: 1
[2017-01-31 22:44:45] EDIT QuickMeet/views/default/index.html: 1
[2017-01-31 22:44:59] EDIT QuickMeet/views/default/index.html: -1
[2017-01-31 22:46:10] EDIT QuickMeet/views/default/index.html: 0
[2017-01-31 22:47:07] EDIT QuickMeet/views/default/index.html: 1
[2017-01-31 22:51:17] CREATE db.quick_meet.py: 0
[2017-03-03 04:18:47] EDIT QuickMeet/static/js/Setup.js: 23
[2017-03-03 04:19:37] EDIT QuickMeet/static/js/Setup.js: 0
[2017-03-03 04:20:06] EDIT QuickMeet/static/js/Setup.js: 0
[2017-03-06 16:51:33] EDIT QuickMeet/static/js/Setup.js: 0
[2017-03-06 16:53:26] EDIT QuickMeet/static/js/Setup.js: 1
[2017-03-06 16:53:38] EDIT QuickMeet/static/js/Setup.js: 0
[2017-03-06 16:54:01] EDIT QuickMeet/static/js/Setup.js: 1
[2017-03-06 16:54:39] EDIT QuickMeet/static/js/Setup.js: -1
[2017-03-06 16:55:28] EDIT QuickMeet/static/js/Setup.js: 0
[2017-03-06 16:57:31] EDIT QuickMeet/static/js/Setup.js: 5
[2017-03-06 16:57:47] EDIT QuickMeet/static/js/Setup.js: 0
[2017-03-06 16:57:49] EDIT QuickMeet/static/js/Setup.js: 0
[2017-03-06 16:57:50] EDIT QuickMeet/static/js/Setup.js: 0
[2017-03-06 16:58:39] EDIT QuickMeet/static/js/Setup.js: 0
[2017-03-06 17:00:10] EDIT QuickMeet/static/js/Setup.js: 1
[2017-03-06 17:00:13] EDIT QuickMeet/static/js/Setup.js: 0
[2017-03-06 17:41:43] EDIT QuickMeet/static/js/Setup.js: 1
[2017-03-06 17:41:50] EDIT QuickMeet/static/js/Setup.js: 0
[2017-03-06 17:41:50] EDIT QuickMeet/static/js/Setup.js: 0
[2017-03-06 17:42:24] EDIT QuickMeet/static/js/Setup.js: 0
[2017-03-06 17:44:31] EDIT QuickMeet/static/js/Setup.js: 2
[2017-03-06 17:44:43] EDIT QuickMeet/static/js/Setup.js: -2
[2017-03-06 17:45:17] EDIT QuickMeet/static/js/Setup.js: 0
[2017-03-06 17:48:11] EDIT QuickMeet/static/js/Setup.js: -1
