timestamp: 2017-03-17T17:59:34.766965
CREATE TABLE auth_user(
    id INTEGER PRIMARY KEY AUTOINCREMENT,
    first_name CHAR(128),
    last_name CHAR(128),
    email CHAR(512),
    password CHAR(512),
    registration_key CHAR(512),
    reset_password_key CHAR(512),
    registration_id CHAR(512)
);
success!
timestamp: 2017-03-17T17:59:34.804284
CREATE TABLE auth_group(
    id INTEGER PRIMARY KEY AUTOINCREMENT,
    role CHAR(512),
    description TEXT
);
success!
timestamp: 2017-03-17T17:59:34.842694
CREATE TABLE auth_membership(
    id INTEGER PRIMARY KEY AUTOINCREMENT,
    user_id INTEGER REFERENCES auth_user (id) ON DELETE CASCADE  ,
    group_id INTEGER REFERENCES auth_group (id) ON DELETE CASCADE  
);
success!
timestamp: 2017-03-17T17:59:34.875426
CREATE TABLE auth_permission(
    id INTEGER PRIMARY KEY AUTOINCREMENT,
    group_id INTEGER REFERENCES auth_group (id) ON DELETE CASCADE  ,
    name CHAR(512),
    table_name CHAR(512),
    record_id INTEGER
);
success!
timestamp: 2017-03-17T17:59:34.901970
CREATE TABLE auth_event(
    id INTEGER PRIMARY KEY AUTOINCREMENT,
    time_stamp TIMESTAMP,
    client_ip CHAR(512),
    user_id INTEGER REFERENCES auth_user (id) ON DELETE CASCADE  ,
    origin CHAR(512),
    description TEXT
);
success!
timestamp: 2017-03-17T17:59:34.935919
CREATE TABLE auth_cas(
    id INTEGER PRIMARY KEY AUTOINCREMENT,
    user_id INTEGER REFERENCES auth_user (id) ON DELETE CASCADE  ,
    created_on TIMESTAMP,
    service CHAR(512),
    ticket CHAR(512),
    renew CHAR(1)
);
success!
timestamp: 2017-03-17T17:59:34.960700
CREATE TABLE events(
    id INTEGER PRIMARY KEY AUTOINCREMENT,
    username CHAR(512),
    startTime INTEGER,
    endTime INTEGER,
    days TEXT
);
success!
timestamp: 2017-03-17T17:59:34.987728
CREATE TABLE users(
    id INTEGER PRIMARY KEY AUTOINCREMENT,
    username TEXT,
    firstName TEXT,
    events TEXT
);
success!
timestamp: 2017-03-17T17:59:35.017837
CREATE TABLE team(
    id INTEGER PRIMARY KEY AUTOINCREMENT,
    teamMember TEXT
);
success!
